=========================
[debug] Login CAS Success...
[info] Log Sent at 2021-08-31 07:40:04 Tuesday
=========================

=========================
[debug] Login CAS Success...
[debug] Form Loaded...
[debug] Checkbox Checked...
[debug] Form Submitted...
[debug] 平安行动:填报健康信息(已完成)
[info] Checkin Success!
[info] End at 2021-08-31 09:34:12 +0800.
=========================
[info] Log Sent at 2021-08-31 09:34:14 Tuesday
=========================

=========================
[debug] Login CAS Success...
[debug] Form Loaded...
[debug] Checkbox Checked...
[debug] Form Submitted...
[debug] 平安行动:填报健康信息(已完成)
[info] Checkin Success!
[info] End at 2021-09-01 07:36:25 +0800.
=========================
[info] Log Sent at 2021-09-01 07:36:26 Wednesday
=========================

=========================
[debug] Login CAS Success...
[debug] Form Loaded...
[debug] Checkbox Checked...
[debug] Form Submitted...
[debug] 平安行动:填报健康信息(已完成)
[info] Checkin Success!
[info] End at 2021-09-01 09:40:16 +0800.
=========================
[info] Log Sent at 2021-09-01 09:40:18 Wednesday
=========================

=========================
[debug] Login CAS Success...
[debug] Form Loaded...
[debug] Checkbox Checked...
[debug] Form Submitted...
[debug] 平安行动:填报健康信息(已完成)
[info] Checkin Success!
[info] End at 2021-09-02 07:37:07 +0800.
=========================
[info] Log Sent at 2021-09-02 07:37:08 Thursday
=========================

