============================
[debug] Begin to login ...

[error] :.:.:.:.: Except return :.:.:.:.:
[error] Python Error: 
 Traceback (most recent call last):
  File "Actions/checkin.py", line 81, in <module>
    csrfToken = csrfToken.pop().attrib["content"]
IndexError: pop from empty list

:.:.:.:.: Finally :.:.:.:.:
[info] Notification sended at 2021-08-31 07:12:34 Tuesday
[info] Task Finished at 2021-08-31 07:12:34 Tuesday
============================

============================
[debug] Begin to login ...

[error] :.:.:.:.: Except return :.:.:.:.:
[error] Python Error: 
 Traceback (most recent call last):
  File "Actions/checkin.py", line 81, in <module>
    csrfToken = csrfToken.pop().attrib["content"]
IndexError: pop from empty list

:.:.:.:.: Finally :.:.:.:.:
[info] Notification sended at 2021-08-31 08:41:53 Tuesday
[info] Task Finished at 2021-08-31 08:41:53 Tuesday
============================

============================
[debug] Begin to login ...
[debug] Form url:  http://jkgc.hrbeu.edu.cn/infoplus/form/10064842/render
[debug] Form Status:  SUCCEED
[debug] Form stJson:  {'errno': 0, 'ecode': 'SUCCEED', 'entities': [{'stepId': 2, 'name': '办结', 'code': 'autoStep1', 'status': 0, 'type': 'Auto', 'flowStepId': 0, 'executorSelection': 0, 'timestamp': 0, 'posts': [], 'users': [], 'parallel': False, 'hasInstantNotification': False, 'hasCarbonCopy': False, 'entryId': 9996348, 'entryStatus': 0, 'entryRelease': False}]}
[info] Checkin succeed with jsoncode SUCCEED
:.:.:.:.: Finally :.:.:.:.:
[info] Notification sended at 2021-08-31 09:37:52 Tuesday
[info] Task Finished at 2021-08-31 09:37:52 Tuesday
============================

============================
[debug] Begin to login ...
[debug] Form url:  http://jkgc.hrbeu.edu.cn/infoplus/form/10081708/render
[debug] Form Status:  SUCCEED
[debug] Form stJson:  {'errno': 0, 'ecode': 'SUCCEED', 'entities': [{'stepId': 2, 'name': '办结', 'code': 'autoStep1', 'status': 0, 'type': 'Auto', 'flowStepId': 0, 'executorSelection': 0, 'timestamp': 0, 'posts': [], 'users': [], 'parallel': False, 'hasInstantNotification': False, 'hasCarbonCopy': False, 'entryId': 10013214, 'entryStatus': 0, 'entryRelease': False}]}
[info] Checkin succeed with jsoncode SUCCEED
:.:.:.:.: Finally :.:.:.:.:
[info] Notification sended at 2021-09-01 07:12:18 Wednesday
[info] Task Finished at 2021-09-01 07:12:18 Wednesday
============================

============================
[debug] Begin to login ...
[debug] Form url:  http://jkgc.hrbeu.edu.cn/infoplus/form/10095150/render
[debug] Form Status:  SUCCEED
[debug] Form stJson:  {'errno': 0, 'ecode': 'SUCCEED', 'entities': [{'stepId': 2, 'name': '办结', 'code': 'autoStep1', 'status': 0, 'type': 'Auto', 'flowStepId': 0, 'executorSelection': 0, 'timestamp': 0, 'posts': [], 'users': [], 'parallel': False, 'hasInstantNotification': False, 'hasCarbonCopy': False, 'entryId': 10026656, 'entryStatus': 0, 'entryRelease': False}]}
[info] Checkin succeed with jsoncode SUCCEED
:.:.:.:.: Finally :.:.:.:.:
[info] Notification sended at 2021-09-01 08:44:59 Wednesday
[info] Task Finished at 2021-09-01 08:44:59 Wednesday
============================

